<?xml version="1.0" encoding="UTF-8"?>
<testng-results ignored="0" total="2" passed="2" failed="0" skipped="0">
  <reporter-output>
  </reporter-output>
  <suite started-at="2023-03-01T21:05:39 CST" name="Default suite" finished-at="2023-03-01T21:05:46 CST" duration-ms="7666">
    <groups>
    </groups>
    <test started-at="2023-03-01T21:05:39 CST" name="Default test" finished-at="2023-03-01T21:05:46 CST" duration-ms="7666">
      <class name="testComponent.HomePageTest">
        <test-method is-config="true" signature="beforeMethod()[pri:0, instance:testComponent.HomePageTest@6d4e5011]" started-at="2023-03-01T21:05:39 CST" name="beforeMethod" finished-at="2023-03-01T21:05:43 CST" duration-ms="4758" status="PASS">
          <reporter-output>
          </reporter-output>
        </test-method> <!-- beforeMethod -->
        <test-method is-config="true" signature="setupHomePage()[pri:0, instance:testComponent.HomePageTest@6d4e5011]" started-at="2023-03-01T21:05:43 CST" name="setupHomePage" finished-at="2023-03-01T21:05:45 CST" duration-ms="2133" status="PASS">
          <reporter-output>
          </reporter-output>
        </test-method> <!-- setupHomePage -->
        <test-method signature="clickNewCustomer()[pri:0, instance:testComponent.HomePageTest@6d4e5011]" started-at="2023-03-01T21:05:45 CST" name="clickNewCustomer" finished-at="2023-03-01T21:05:46 CST" duration-ms="684" status="PASS">
          <reporter-output>
          </reporter-output>
        </test-method> <!-- clickNewCustomer -->
        <test-method signature="getTheTitile()[pri:0, instance:testComponent.HomePageTest@6d4e5011]" started-at="2023-03-01T21:05:46 CST" name="getTheTitile" finished-at="2023-03-01T21:05:46 CST" duration-ms="13" status="PASS">
          <reporter-output>
          </reporter-output>
        </test-method> <!-- getTheTitile -->
        <test-method is-config="true" signature="afterMethod()[pri:0, instance:testComponent.HomePageTest@6d4e5011]" started-at="2023-03-01T21:05:46 CST" name="afterMethod" finished-at="2023-03-01T21:05:46 CST" duration-ms="0" status="PASS">
          <reporter-output>
          </reporter-output>
        </test-method> <!-- afterMethod -->
      </class> <!-- testComponent.HomePageTest -->
    </test> <!-- Default test -->
  </suite> <!-- Default suite -->
</testng-results>
